citc/platforms/android/app/build/intermediates/manifest_merge_blame_file/debug/manifest-merger-blame-debug-report.txt
1<?xml version="1.0" encoding="utf-8"?>
2<manifest xmlns:android="http://schemas.android.com/apk/res/android"
3    package="io.ionic.starter"
4    android:hardwareAccelerated="true"
5    android:versionCode="1"
6    android:versionName="0.0.1" >
7
8    <uses-sdk
8-->src\main\AndroidManifest.xml:13:5-74
9        android:minSdkVersion="19"
9-->src\main\AndroidManifest.xml:13:15-41
10        android:targetSdkVersion="27" />
10-->src\main\AndroidManifest.xml:13:42-71
11
12    <supports-screens
12-->src\main\AndroidManifest.xml:3:5-191
13        android:anyDensity="true"
13-->src\main\AndroidManifest.xml:3:23-48
14        android:largeScreens="true"
14-->src\main\AndroidManifest.xml:3:49-76
15        android:normalScreens="true"
15-->src\main\AndroidManifest.xml:3:77-105
16        android:resizeable="true"
16-->src\main\AndroidManifest.xml:3:106-131
17        android:smallScreens="true"
17-->src\main\AndroidManifest.xml:3:132-159
18        android:xlargeScreens="true" />
18-->src\main\AndroidManifest.xml:3:160-188
19
20    <uses-permission android:name="android.permission.INTERNET" />
20-->src\main\AndroidManifest.xml:4:5-67
20-->src\main\AndroidManifest.xml:4:22-64
21    <uses-permission android:name="android.permission.WRITE_EXTERNAL_STORAGE" />
22    <uses-permission android:name="android.permission.READ_PHONE_STATE" />
23    <uses-permission android:name="android.permission.READ_EXTERNAL_STORAGE" />
24
25    <application
25-->src\main\AndroidManifest.xml:5:5-12:19
26        android:debuggable="true"
27        android:hardwareAccelerated="true"
27-->src\main\AndroidManifest.xml:5:18-52
28        android:icon="@mipmap/icon"
28-->src\main\AndroidManifest.xml:5:53-80
29        android:label="@string/app_name"
29-->src\main\AndroidManifest.xml:5:81-113
30        android:supportsRtl="true"
30-->src\main\AndroidManifest.xml:5:114-140
31        android:testOnly="true" >
32        <activity
32-->src\main\AndroidManifest.xml:6:9-11:20
33            android:name="io.ionic.starter.MainActivity"
33-->src\main\AndroidManifest.xml:6:166-193
34            android:configChanges="orientation|keyboardHidden|keyboard|screenSize|locale"
34-->src\main\AndroidManifest.xml:6:19-96
35            android:label="@string/activity_name"
35-->src\main\AndroidManifest.xml:6:97-134
36            android:launchMode="singleTop"
36-->src\main\AndroidManifest.xml:6:135-165
37            android:theme="@android:style/Theme.DeviceDefault.NoActionBar"
37-->src\main\AndroidManifest.xml:6:194-256
38            android:windowSoftInputMode="adjustResize" >
38-->src\main\AndroidManifest.xml:6:257-299
39            <intent-filter android:label="@string/launcher_name" >
39-->src\main\AndroidManifest.xml:7:13-10:29
39-->src\main\AndroidManifest.xml:7:28-65
40                <action android:name="android.intent.action.MAIN" />
40-->src\main\AndroidManifest.xml:8:17-69
40-->src\main\AndroidManifest.xml:8:25-66
41
42                <category android:name="android.intent.category.LAUNCHER" />
42-->src\main\AndroidManifest.xml:9:17-77
42-->src\main\AndroidManifest.xml:9:27-74
43            </intent-filter>
44        </activity>
45    </application>
46
47</manifest>